2018-12-20 17:03:58,808 - framework - INFO - Uname:t-1220-03@t.com
2018-12-20 17:03:59,666 - framework - INFO - t-1220-03
2018-12-20 17:03:59,668 - framework - INFO - test_0_login_success:None
2018-12-20 17:04:02,529 - framework - INFO - test_login_fail_with_right_uname_wrong_pwd:None
2018-12-20 17:04:02,943 - framework - INFO - test_login_fail_with_wrong_uname_right_pwd:None
2018-12-20 17:04:03,667 - framework - INFO - test_login_fail_with_wrong_uname_wrong_pwd：None
2018-12-20 17:04:03,740 - framework - INFO - t-1220-03@t.com
2018-12-20 17:04:06,215 - framework - INFO - t-1220-03@t.com
2018-12-20 17:04:06,971 - framework - INFO - t-1220-03@t.com
2018-12-20 17:04:07,628 - framework - INFO - t-1220-03@t.com
2018-12-20 17:05:43,587 - framework - INFO - Uname:t-1220-05@t.com
2018-12-20 17:05:44,252 - framework - INFO - t-1220-05
2018-12-20 17:05:44,255 - framework - INFO - test_0_login_success:None
2018-12-20 17:05:44,661 - framework - INFO - test_login_fail_with_right_uname_wrong_pwd:None
2018-12-20 17:05:45,026 - framework - INFO - test_login_fail_with_wrong_uname_right_pwd:None
2018-12-20 17:05:45,422 - framework - INFO - test_login_fail_with_wrong_uname_wrong_pwd：None
2018-12-20 17:05:45,434 - framework - INFO - t-1220-05@t.com
2018-12-20 17:05:46,287 - framework - INFO - t-1220-05@t.com
2018-12-20 17:05:47,405 - framework - INFO - t-1220-05@t.com
2018-12-20 17:05:48,131 - framework - INFO - t-1220-05@t.com
2018-12-20 17:05:52,432 - framework - INFO - t-1220-05@t.com
2018-12-20 17:05:53,250 - framework - INFO - t-1220-05@t.com
2018-12-20 17:05:54,035 - framework - INFO - t-1220-05@t.com
2018-12-20 17:05:54,392 - framework - INFO - 6666666666666:{'code': 10003, 'message': '未登录，请先登录'}
2018-12-20 17:05:56,346 - framework - INFO - 6666666666666:{'code': 10003, 'message': '未登录，请先登录'}
2018-12-20 17:05:57,163 - framework - INFO - 6666666666666:{'code': 10003, 'message': '未登录，请先登录'}
2018-12-20 17:06:02,544 - framework - INFO - 6666666666666:{'code': 10003, 'message': '未登录，请先登录'}
2018-12-20 17:38:13,859 - framework - INFO - Uname:t-1220-38@t.com
2018-12-20 17:38:14,494 - framework - INFO - t-1220-38
2018-12-20 17:38:14,494 - framework - INFO - test_0_login_success:b1580848-edf5-40f7-b73e-e40adbfe974a
2018-12-20 17:38:14,570 - framework - INFO - test_login_fail_with_right_uname_wrong_pwd:None
2018-12-20 17:38:14,651 - framework - INFO - test_login_fail_with_wrong_uname_right_pwd:None
2018-12-20 17:38:14,724 - framework - INFO - test_login_fail_with_wrong_uname_wrong_pwd：None
2018-12-20 17:38:14,741 - framework - INFO - t-1220-38@t.com
2018-12-20 17:38:15,270 - framework - INFO - Pr:P150
2018-12-20 17:38:15,286 - framework - INFO - t-1220-38@t.com
2018-12-20 17:38:15,803 - framework - INFO - Price:2598
2018-12-20 17:38:15,830 - framework - INFO - t-1220-38@t.com
2018-12-20 17:38:16,376 - framework - INFO - t-1220-38@t.com
2018-12-20 17:38:17,439 - framework - INFO - t-1220-38@t.com
2018-12-21 11:04:13,258 - framework - INFO - Uname:t-1221-04@t.com
2018-12-21 11:04:14,015 - framework - INFO - t-1221-04
2018-12-21 11:04:14,015 - framework - INFO - test_0_login_success:d1c69c55-cd0e-4666-b12b-02de57c256cb
2018-12-21 11:04:14,100 - framework - INFO - test_login_fail_with_right_uname_wrong_pwd:None
2018-12-21 11:04:14,166 - framework - INFO - test_login_fail_with_wrong_uname_right_pwd:None
2018-12-21 11:04:14,234 - framework - INFO - test_login_fail_with_wrong_uname_wrong_pwd：None
2018-12-21 11:04:14,247 - framework - INFO - t-1221-04@t.com
2018-12-21 11:20:58,803 - framework - INFO - Uname:t-1221-20@t.com
2018-12-21 11:20:59,674 - framework - INFO - t-1221-20
2018-12-21 11:20:59,676 - framework - INFO - test_0_login_success:566f93d4-836f-4281-b0c2-8d285b53e482
2018-12-21 11:20:59,864 - framework - INFO - test_login_fail_with_right_uname_wrong_pwd:None
2018-12-21 11:20:59,953 - framework - INFO - test_login_fail_with_wrong_uname_right_pwd:None
2018-12-21 11:21:00,046 - framework - INFO - test_login_fail_with_wrong_uname_wrong_pwd：None
2018-12-21 11:21:00,056 - framework - INFO - t-1221-20@t.com
2018-12-21 11:21:01,058 - framework - INFO - Pr:P150
2018-12-21 11:21:01,068 - framework - INFO - t-1221-20@t.com
2018-12-21 11:21:01,845 - framework - INFO - Price:2598
2018-12-21 11:21:01,852 - framework - INFO - t-1221-20@t.com
2018-12-21 11:21:02,574 - framework - INFO - t-1221-20@t.com
2018-12-21 11:21:47,723 - framework - INFO - Uname:t-1221-21@t.com
2018-12-21 11:21:49,398 - framework - INFO - t-1221-21
2018-12-21 11:21:49,399 - framework - INFO - test_0_login_success:fbc5b1ff-50cf-4fc4-8500-e9260ded0bc7
2018-12-21 11:21:49,480 - framework - INFO - test_login_fail_with_right_uname_wrong_pwd:None
2018-12-21 11:21:49,565 - framework - INFO - test_login_fail_with_wrong_uname_right_pwd:None
2018-12-21 11:21:49,638 - framework - INFO - test_login_fail_with_wrong_uname_wrong_pwd：None
2018-12-21 11:21:49,643 - framework - INFO - t-1221-21@t.com
2018-12-21 11:21:50,131 - framework - INFO - Pr:P150
2018-12-21 11:21:50,136 - framework - INFO - t-1221-21@t.com
2018-12-21 11:21:50,933 - framework - INFO - Price:2598
2018-12-21 11:21:50,953 - framework - INFO - t-1221-21@t.com
2018-12-21 11:21:51,423 - framework - INFO - t-1221-21@t.com
